====================== / ==========================
shellDir:/Users/samchung/Documents/myApps/MyPodhub/.bash_tools
pwd:/Users/samchung/Documents/myApps/MyPodhub/.bash_tools
---------读取到本地配置:------------
gitlab_url:git@gitlab.ruqimobility.local:zhongxiaoming/mypodhub.git
github_url:git@github.com:samingzhong/MyPodhub.git
--------------

--------------配置远程仓库[origin]:git@gitlab.ruqimobility.local:zhongxiaoming/mypodhub.git ----------
--------------读取仓库配置 remote.[origin].url:git@gitlab.ruqimobility.local:zhongxiaoming/mypodhub.git ----------
--------------执行git add;git commit;git push.... ----------
[master f6c28cb] .
 3 files changed, 1 insertion(+), 4 deletions(-)
----同步到远程仓库/分支([origin/master])...
To gitlab.ruqimobility.local:zhongxiaoming/mypodhub.git
   c2fb921..f6c28cb  master -> master
-----------------things done!!!---------------


--------------配置远程仓库[origin-github]:git@github.com:samingzhong/MyPodhub.git ----------
--------------读取仓库配置 remote.[origin-github].url:git@github.com:samingzhong/MyPodhub.git ----------
无需重复执行git add; git commit等操作
----同步到远程仓库/分支([origin-github/master])...
To github.com:samingzhong/MyPodhub.git
   c2fb921..f6c28cb  master -> master
-----------------things done!!!---------------


