====================== / ==========================
shellDir:/Users/samchung/.mybash/.bash_tools
pwd:/Users/samchung/.mybash/.bash_tools
---------读取到本地配置:------------
gitlab_url:git@gitlab.ruqimobility.local/my_bash_profile.git
github_url:git@github.com:samingzhong/myBashProfile.git
--------------

--------------配置远程仓库[origin]:git@gitlab.ruqimobility.local/my_bash_profile.git ----------
--------------读取仓库配置 remote.[origin].url:git@gitlab.ruqimobility.local:zhongxiaoming/my_bash_profile.git ----------
--------------执行git add;git commit;git push.... ----------
[master bf0dd93] .
 1 file changed, 1 insertion(+), 1 deletion(-)
----同步到远程仓库/分支([origin/master])...
To gitlab.ruqimobility.local:zhongxiaoming/my_bash_profile.git
   1a126e4..bf0dd93  master -> master
-----------------things done!!!---------------


--------------配置远程仓库[origin-github]:git@github.com:samingzhong/myBashProfile.git ----------
--------------读取仓库配置 remote.[origin-github].url:git@github.com:samingzhong/myBashProfile.git ----------
无需重复执行git add; git commit等操作
----同步到远程仓库/分支([origin-github/master])...
To github.com:samingzhong/myBashProfile.git
   1a126e4..bf0dd93  master -> master
-----------------things done!!!---------------


====================== / ==========================
shellDir:/Users/samchung/.mybash/.bash_tools
pwd:/Users/samchung/.mybash/.bash_tools
---------读取到本地配置:------------
gitlab_url:git@gitlab.ruqimobility.local/my_bash_profile.git
github_url:git@github.com:samingzhong/myBashProfile.git
--------------

--------------配置远程仓库[origin]:git@gitlab.ruqimobility.local/my_bash_profile.git ----------
--------------读取仓库配置 remote.[origin].url:git@gitlab.ruqimobility.local:zhongxiaoming/my_bash_profile.git ----------
--------------执行git add;git commit;git push.... ----------
On branch master
nothing to commit, working tree clean
----同步到远程仓库/分支([origin/master])...
Everything up-to-date
-----------------things done!!!---------------


--------------配置远程仓库[origin-github]:git@github.com:samingzhong/myBashProfile.git ----------
--------------读取仓库配置 remote.[origin-github].url:git@github.com:samingzhong/myBashProfile.git ----------
无需重复执行git add; git commit等操作
----同步到远程仓库/分支([origin-github/master])...
Everything up-to-date
-----------------things done!!!---------------


====================== / ==========================
shellDir:/Users/samchung/.mybash/.bash_tools
pwd:/Users/samchung/.mybash/.bash_tools
---------读取到本地配置:------------
gitlab_url:git@gitlab.ruqimobility.local/my_bash_profile.git
github_url:git@github.com:samingzhong/myBashProfile.git
--------------

--------------配置远程仓库[origin]:git@gitlab.ruqimobility.local/my_bash_profile.git ----------
--------------读取仓库配置 remote.[origin].url:git@gitlab.ruqimobility.local:zhongxiaoming/my_bash_profile.git ----------
--------------执行git add;git commit;git push.... ----------
On branch master
nothing to commit, working tree clean
----同步到远程仓库/分支([origin/master])...
Everything up-to-date
-----------------things done!!!---------------


--------------配置远程仓库[origin-github]:git@github.com:samingzhong/myBashProfile.git ----------
--------------读取仓库配置 remote.[origin-github].url:git@github.com:samingzhong/myBashProfile.git ----------
无需重复执行git add; git commit等操作
----同步到远程仓库/分支([origin-github/master])...
Everything up-to-date
-----------------things done!!!---------------


====================== pwd:[/] 脚本执行开始时间:Thu Jun 24 12:26:58 CST 2021 ==========================
shellDir:/Users/samchung/.mybash/.bash_tools
pwd:/Users/samchung/.mybash/.bash_tools
---------读取到本地配置:------------
gitlab_url:git@gitlab.ruqimobility.local/my_bash_profile.git
github_url:git@github.com:samingzhong/myBashProfile.git
--------------

--------------配置远程仓库[origin]:git@gitlab.ruqimobility.local/my_bash_profile.git ----------
--------------读取仓库配置 remote.[origin].url:git@gitlab.ruqimobility.local:zhongxiaoming/my_bash_profile.git ----------
--------------执行git add;git commit;git push.... ----------
On branch master
Your branch is up to date with 'origin/master'.

nothing to commit, working tree clean
----同步到远程仓库/分支([origin/master])...
Everything up-to-date
-----------------things done!!!---------------

--------------配置远程仓库[origin-github]:git@github.com:samingzhong/myBashProfile.git ----------
--------------读取仓库配置 remote.[origin-github].url:git@github.com:samingzhong/myBashProfile.git ----------
无需重复执行git add; git commit等操作
----同步到远程仓库/分支([origin-github/master])...
To github.com:samingzhong/myBashProfile.git
   94efd1e..b921c7c  master -> master
-----------------things done!!!---------------

====================== pwd:[/Users/samchung/.mybash] 脚本执行结束时间:Thu Jun 24 12:27:06 CST 2021 ==========================


