====================== / ==========================
shellDir:/Users/samingzhong/myDev/myGithub/com.samingzhong.gitpush.log/.bash_tools
pwd:/Users/samingzhong/myDev/myGithub/com.samingzhong.gitpush.log/.bash_tools
---------读取到本地配置:------------
gitlab_url:git@gitlab.ruqimobility.local:zhongxiaoming/com.samingzhong.gitpush.log.git
github_url:
--------------

--------------配置远程仓库[origin]:git@gitlab.ruqimobility.local:zhongxiaoming/com.samingzhong.gitpush.log.git ----------
--------------读取仓库配置 remote.[origin].url:git@gitlab.ruqimobility.local:zhongxiaoming/com.samingzhong.gitpush.log.git ----------
--------------执行git add;git commit;git push.... ----------
[master c9d6c81] .
 1 file changed, 11 insertions(+)
 create mode 100644 com.samingzhong.gitpush.log.log
----同步到远程仓库/分支([origin/master])...
remote: GitLab: You are not allowed to force push code to a protected branch on this project.
To gitlab.ruqimobility.local:zhongxiaoming/com.samingzhong.gitpush.log.git
 ! [remote rejected] master -> master (pre-receive hook declined)
error: failed to push some refs to 'git@gitlab.ruqimobility.local:zhongxiaoming/com.samingzhong.gitpush.log.git'
-----------------things done!!!---------------


--------------配置远程仓库[origin-github]: ----------
remote_url为空！！
====================== / ==========================
shellDir:/Users/samingzhong/myDev/myGithub/com.samingzhong.gitpush.log/.bash_tools
pwd:/Users/samingzhong/myDev/myGithub/com.samingzhong.gitpush.log/.bash_tools
---------读取到本地配置:------------
gitlab_url:git@gitlab.ruqimobility.local:zhongxiaoming/com.samingzhong.gitpush.log.git
github_url:
--------------

--------------配置远程仓库[origin]:git@gitlab.ruqimobility.local:zhongxiaoming/com.samingzhong.gitpush.log.git ----------
--------------读取仓库配置 remote.[origin].url:git@gitlab.ruqimobility.local:zhongxiaoming/com.samingzhong.gitpush.log.git ----------
--------------执行git add;git commit;git push.... ----------
====================== / ==========================
shellDir:/Users/samingzhong/myDev/myGithub/com.samingzhong.gitpush.log/.bash_tools
pwd:/Users/samingzhong/myDev/myGithub/com.samingzhong.gitpush.log/.bash_tools
---------读取到本地配置:------------
gitlab_url:git@gitlab.ruqimobility.local:zhongxiaoming/com.samingzhong.gitpush.log.git
github_url:
--------------

--------------配置远程仓库[origin]:git@gitlab.ruqimobility.local:zhongxiaoming/com.samingzhong.gitpush.log.git ----------
--------------读取仓库配置 remote.[origin].url:git@gitlab.ruqimobility.local:zhongxiaoming/com.samingzhong.gitpush.log.git ----------
--------------执行git add;git commit;git push.... ----------
[master 49cbbdd] .
 1 file changed, 11 insertions(+)
----同步到远程仓库/分支([origin/master])...
To gitlab.ruqimobility.local:zhongxiaoming/com.samingzhong.gitpush.log.git
 + 395862a...49cbbdd master -> master (forced update)
-----------------things done!!!---------------


--------------配置远程仓库[origin-github]: ----------
remote_url为空！！
====================== / ==========================
shellDir:/Users/samingzhong/myDev/myGithub/com.samingzhong.gitpush.log/.bash_tools
pwd:/Users/samingzhong/myDev/myGithub/com.samingzhong.gitpush.log/.bash_tools
---------读取到本地配置:------------
gitlab_url:git@gitlab.ruqimobility.local:zhongxiaoming/com.samingzhong.gitpush.log.git
github_url:
--------------

--------------配置远程仓库[origin]:git@gitlab.ruqimobility.local:zhongxiaoming/com.samingzhong.gitpush.log.git ----------
--------------读取仓库配置 remote.[origin].url:git@gitlab.ruqimobility.local:zhongxiaoming/com.samingzhong.gitpush.log.git ----------
--------------执行git add;git commit;git push.... ----------
[master a78fb6e] .
 1 file changed, 21 insertions(+)
----同步到远程仓库/分支([origin/master])...
To gitlab.ruqimobility.local:zhongxiaoming/com.samingzhong.gitpush.log.git
   49cbbdd..a78fb6e  master -> master
-----------------things done!!!---------------


--------------配置远程仓库[origin-github]: ----------
remote_url为空！！
====================== / ==========================
shellDir:/Users/samingzhong/myDev/myGithub/com.samingzhong.gitpush.log/.bash_tools
pwd:/Users/samingzhong/myDev/myGithub/com.samingzhong.gitpush.log/.bash_tools
---------读取到本地配置:------------
gitlab_url:git@gitlab.ruqimobility.local:zhongxiaoming/com.samingzhong.gitpush.log.git
github_url:
--------------

--------------配置远程仓库[origin]:git@gitlab.ruqimobility.local:zhongxiaoming/com.samingzhong.gitpush.log.git ----------
--------------读取仓库配置 remote.[origin].url:git@gitlab.ruqimobility.local:zhongxiaoming/com.samingzhong.gitpush.log.git ----------
--------------执行git add;git commit;git push.... ----------
[master 41796ef] .
 1 file changed, 21 insertions(+)
----同步到远程仓库/分支([origin/master])...
To gitlab.ruqimobility.local:zhongxiaoming/com.samingzhong.gitpush.log.git
   a78fb6e..41796ef  master -> master
-----------------things done!!!---------------


--------------配置远程仓库[origin-github]: ----------
remote_url为空！！
====================== / ==========================
shellDir:/Users/samingzhong/myDev/myGithub/com.samingzhong.gitpush.log/.bash_tools
pwd:/Users/samingzhong/myDev/myGithub/com.samingzhong.gitpush.log/.bash_tools
---------读取到本地配置:------------
gitlab_url:git@gitlab.ruqimobility.local:zhongxiaoming/com.samingzhong.gitpush.log.git
github_url:
--------------

--------------配置远程仓库[origin]:git@gitlab.ruqimobility.local:zhongxiaoming/com.samingzhong.gitpush.log.git ----------
--------------读取仓库配置 remote.[origin].url:git@gitlab.ruqimobility.local:zhongxiaoming/com.samingzhong.gitpush.log.git ----------
--------------执行git add;git commit;git push.... ----------
[master aec8104] .
 1 file changed, 21 insertions(+)
----同步到远程仓库/分支([origin/master])...
To gitlab.ruqimobility.local:zhongxiaoming/com.samingzhong.gitpush.log.git
   41796ef..aec8104  master -> master
-----------------things done!!!---------------


--------------配置远程仓库[origin-github]: ----------
remote_url为空！！
====================== / ==========================
shellDir:/Users/samingzhong/myDev/myGithub/com.samingzhong.gitpush.log/.bash_tools
pwd:/Users/samingzhong/myDev/myGithub/com.samingzhong.gitpush.log/.bash_tools
---------读取到本地配置:------------
gitlab_url:git@gitlab.ruqimobility.local:zhongxiaoming/com.samingzhong.gitpush.log.git
github_url:git@github.com:samingzhong/com.samingzhong.gitpush.git
--------------

--------------配置远程仓库[origin]:git@gitlab.ruqimobility.local:zhongxiaoming/com.samingzhong.gitpush.log.git ----------
--------------读取仓库配置 remote.[origin].url:git@gitlab.ruqimobility.local:zhongxiaoming/com.samingzhong.gitpush.log.git ----------
--------------执行git add;git commit;git push.... ----------
[master c5c3531] .
 2 files changed, 23 insertions(+), 1 deletion(-)
----同步到远程仓库/分支([origin/master])...
To gitlab.ruqimobility.local:zhongxiaoming/com.samingzhong.gitpush.log.git
   aec8104..c5c3531  master -> master
-----------------things done!!!---------------


--------------配置远程仓库[origin-github]:git@github.com:samingzhong/com.samingzhong.gitpush.git ----------
--------------读取仓库配置 remote.[origin-github].url:git@github.com:samingzhong/com.samingzhong.gitpush.git ----------
无需重复执行git add; git commit等操作
----同步到远程仓库/分支([origin-github/master])...
To github.com:samingzhong/com.samingzhong.gitpush.git
   41796ef..c5c3531  master -> master
-----------------things done!!!---------------


====================== / ==========================
shellDir:/Users/samingzhong/myDev/myGithub/com.samingzhong.gitpush.log/.bash_tools
pwd:/Users/samingzhong/myDev/myGithub/com.samingzhong.gitpush.log/.bash_tools
---------读取到本地配置:------------
gitlab_url:git@gitlab.ruqimobility.local:zhongxiaoming/com.samingzhong.gitpush.log.git
github_url:git@github.com:samingzhong/com.samingzhong.gitpush.git
--------------

--------------配置远程仓库[origin]:git@gitlab.ruqimobility.local:zhongxiaoming/com.samingzhong.gitpush.log.git ----------
--------------读取仓库配置 remote.[origin].url:git@gitlab.ruqimobility.local:zhongxiaoming/com.samingzhong.gitpush.log.git ----------
--------------执行git add;git commit;git push.... ----------
[master 0989d65] .
 4 files changed, 114 insertions(+)
----同步到远程仓库/分支([origin/master])...
To gitlab.ruqimobility.local:zhongxiaoming/com.samingzhong.gitpush.log.git
   c5c3531..0989d65  master -> master
-----------------things done!!!---------------


--------------配置远程仓库[origin-github]:git@github.com:samingzhong/com.samingzhong.gitpush.git ----------
--------------读取仓库配置 remote.[origin-github].url:git@github.com:samingzhong/com.samingzhong.gitpush.git ----------
无需重复执行git add; git commit等操作
----同步到远程仓库/分支([origin-github/master])...
To github.com:samingzhong/com.samingzhong.gitpush.git
   c5c3531..0989d65  master -> master
-----------------things done!!!---------------


====================== / ==========================
shellDir:/Users/samingzhong/myDev/myGithub/com.samingzhong.gitpush.log/.bash_tools
pwd:/Users/samingzhong/myDev/myGithub/com.samingzhong.gitpush.log/.bash_tools
---------读取到本地配置:------------
gitlab_url:git@gitlab.ruqimobility.local:zhongxiaoming/com.samingzhong.gitpush.log.git
github_url:git@github.com:samingzhong/com.samingzhong.gitpush.git
--------------

--------------配置远程仓库[origin]:git@gitlab.ruqimobility.local:zhongxiaoming/com.samingzhong.gitpush.log.git ----------
--------------读取仓库配置 remote.[origin].url:git@gitlab.ruqimobility.local:zhongxiaoming/com.samingzhong.gitpush.log.git ----------
--------------执行git add;git commit;git push.... ----------
